# JRE version: OpenJDK Runtime Environment (21.0.9) (build 21.0.9+-14787801-b1163.94)
# Java VM: OpenJDK 64-Bit Server VM (21.0.9+-14787801-b1163.94, mixed mode, tiered, compressed oops, compressed class ptrs, g1 gc, windows-amd64)
GC Precious Log:
 CardTable entry size: 512
 Card Set container configuration: InlinePtr #cards 4 size 8 Array Of Cards #cards 16 size 48 Howl #buckets 8 coarsen threshold 3686 Howl Bitmap #cards 512 size 80 coarsen threshold 460 Card regions per heap region 1 cards per card region 4096
 CPUs: 8 total, 8 available
 Memory: 16190M
 Large Page Support: Disabled
 NUMA Support: Disabled
 Compressed Oops: Enabled (Zero based)
 Heap Region Size: 2M
 Heap Min Capacity: 8M
 Heap Initial Capacity: 254M
 Heap Max Capacity: 4048M
 Pre-touch: Disabled
 Parallel Workers: 8
 Concurrent Workers: 2
 Concurrent Refinement Workers: 8
 Periodic GC: Disabled
Heap:
 garbage-first heap   total 153600K, used 98728K [0x0000000703000000, 0x0000000800000000)
  region size 2048K, 32 young (65536K), 5 survivors (10240K)
 Metaspace       used 69566K, committed 69888K, reserved 1114112K
  class space    used 7950K, committed 8064K, reserved 1048576K
GC Heap History (20 events):
Event: 12.498 GC heap before
{Heap before GC invocations=4 (full 0):
 garbage-first heap   total 43008K, used 27812K [0x0000000703000000, 0x0000000800000000)
  region size 2048K, 12 young (24576K), 4 survivors (8192K)
 Metaspace       used 32256K, committed 32512K, reserved 1114112K
  class space    used 4160K, committed 4288K, reserved 1048576K
}
Event: 12.526 GC heap after
{Heap after GC invocations=5 (full 0):
 garbage-first heap   total 43008K, used 15980K [0x0000000703000000, 0x0000000800000000)
  region size 2048K, 2 young (4096K), 2 survivors (4096K)
 Metaspace       used 32256K, committed 32512K, reserved 1114112K
  class space    used 4160K, committed 4288K, reserved 1048576K
}
Event: 13.993 GC heap before
{Heap before GC invocations=5 (full 0):
 garbage-first heap   total 43008K, used 26220K [0x0000000703000000, 0x0000000800000000)
  region size 2048K, 9 young (18432K), 2 survivors (4096K)
 Metaspace       used 35902K, committed 36096K, reserved 1114112K
  class space    used 4569K, committed 4672K, reserved 1048576K
}
Event: 14.012 GC heap after
{Heap after GC invocations=6 (full 0):
 garbage-first heap   total 43008K, used 17230K [0x0000000703000000, 0x0000000800000000)
  region size 2048K, 1 young (2048K), 1 survivors (2048K)
 Metaspace       used 35902K, committed 36096K, reserved 1114112K
  class space    used 4569K, committed 4672K, reserved 1048576K
}
Event: 15.381 GC heap before
{Heap before GC invocations=7 (full 0):
 garbage-first heap   total 43008K, used 33614K [0x0000000703000000, 0x0000000800000000)
  region size 2048K, 9 young (18432K), 1 survivors (2048K)
 Metaspace       used 38951K, committed 39232K, reserved 1114112K
  class space    used 4918K, committed 5056K, reserved 1048576K
}
Event: 15.395 GC heap after
{Heap after GC invocations=8 (full 0):
 garbage-first heap   total 43008K, used 19639K [0x0000000703000000, 0x0000000800000000)
  region size 2048K, 2 young (4096K), 2 survivors (4096K)
 Metaspace       used 38951K, committed 39232K, reserved 1114112K
  class space    used 4918K, committed 5056K, reserved 1048576K
}
Event: 16.317 GC heap before
{Heap before GC invocations=8 (full 0):
 garbage-first heap   total 43008K, used 31927K [0x0000000703000000, 0x0000000800000000)
  region size 2048K, 9 young (18432K), 2 survivors (4096K)
 Metaspace       used 41230K, committed 41472K, reserved 1114112K
  class space    used 5154K, committed 5248K, reserved 1048576K
}
Event: 16.332 GC heap after
{Heap after GC invocations=9 (full 0):
 garbage-first heap   total 43008K, used 21171K [0x0000000703000000, 0x0000000800000000)
  region size 2048K, 1 young (2048K), 1 survivors (2048K)
 Metaspace       used 41230K, committed 41472K, reserved 1114112K
  class space    used 5154K, committed 5248K, reserved 1048576K
}
Event: 17.340 GC heap before
{Heap before GC invocations=9 (full 0):
 garbage-first heap   total 43008K, used 31411K [0x0000000703000000, 0x0000000800000000)
  region size 2048K, 7 young (14336K), 1 survivors (2048K)
 Metaspace       used 44395K, committed 44672K, reserved 1114112K
  class space    used 5482K, committed 5568K, reserved 1048576K
}
Event: 17.347 GC heap after
{Heap after GC invocations=10 (full 0):
 garbage-first heap   total 43008K, used 22455K [0x0000000703000000, 0x0000000800000000)
  region size 2048K, 1 young (2048K), 1 survivors (2048K)
 Metaspace       used 44395K, committed 44672K, reserved 1114112K
  class space    used 5482K, committed 5568K, reserved 1048576K
}
Event: 19.383 GC heap before
{Heap before GC invocations=11 (full 0):
 garbage-first heap   total 43008K, used 34743K [0x0000000703000000, 0x0000000800000000)
  region size 2048K, 7 young (14336K), 1 survivors (2048K)
 Metaspace       used 48020K, committed 48256K, reserved 1114112K
  class space    used 5831K, committed 5952K, reserved 1048576K
}
Event: 19.392 GC heap after
{Heap after GC invocations=12 (full 0):
 garbage-first heap   total 43008K, used 23261K [0x0000000703000000, 0x0000000800000000)
  region size 2048K, 1 young (2048K), 1 survivors (2048K)
 Metaspace       used 48020K, committed 48256K, reserved 1114112K
  class space    used 5831K, committed 5952K, reserved 1048576K
}
Event: 21.445 GC heap before
{Heap before GC invocations=12 (full 0):
 garbage-first heap   total 43008K, used 33501K [0x0000000703000000, 0x0000000800000000)
  region size 2048K, 7 young (14336K), 1 survivors (2048K)
 Metaspace       used 51091K, committed 51328K, reserved 1114112K
  class space    used 6145K, committed 6272K, reserved 1048576K
}
Event: 21.461 GC heap after
{Heap after GC invocations=13 (full 0):
 garbage-first heap   total 43008K, used 23542K [0x0000000703000000, 0x0000000800000000)
  region size 2048K, 1 young (2048K), 1 survivors (2048K)
 Metaspace       used 51091K, committed 51328K, reserved 1114112K
  class space    used 6145K, committed 6272K, reserved 1048576K
}
Event: 23.150 GC heap before
{Heap before GC invocations=13 (full 0):
 garbage-first heap   total 43008K, used 35830K [0x0000000703000000, 0x0000000800000000)
  region size 2048K, 7 young (14336K), 1 survivors (2048K)
 Metaspace       used 53512K, committed 53760K, reserved 1114112K
  class space    used 6418K, committed 6528K, reserved 1048576K
}
Event: 23.165 GC heap after
{Heap after GC invocations=14 (full 0):
 garbage-first heap   total 43008K, used 25107K [0x0000000703000000, 0x0000000800000000)
  region size 2048K, 1 young (2048K), 1 survivors (2048K)
 Metaspace       used 53512K, committed 53760K, reserved 1114112K
  class space    used 6418K, committed 6528K, reserved 1048576K
}
Event: 23.377 GC heap before
{Heap before GC invocations=15 (full 0):
 garbage-first heap   total 45056K, used 33299K [0x0000000703000000, 0x0000000800000000)
  region size 2048K, 6 young (12288K), 1 survivors (2048K)
 Metaspace       used 53642K, committed 53888K, reserved 1114112K
  class space    used 6431K, committed 6528K, reserved 1048576K
}
Event: 23.392 GC heap after
{Heap after GC invocations=16 (full 0):
 garbage-first heap   total 153600K, used 29173K [0x0000000703000000, 0x0000000800000000)
  region size 2048K, 1 young (2048K), 1 survivors (2048K)
 Metaspace       used 53642K, committed 53888K, reserved 1114112K
  class space    used 6431K, committed 6528K, reserved 1048576K
}
Event: 34.081 GC heap before
{Heap before GC invocations=16 (full 0):
 garbage-first heap   total 153600K, used 106997K [0x0000000703000000, 0x0000000800000000)
  region size 2048K, 40 young (81920K), 1 survivors (2048K)
 Metaspace       used 62913K, committed 63168K, reserved 1114112K
  class space    used 7406K, committed 7488K, reserved 1048576K
}
Event: 34.139 GC heap after
{Heap after GC invocations=17 (full 0):
 garbage-first heap   total 153600K, used 45480K [0x0000000703000000, 0x0000000800000000)
  region size 2048K, 5 young (10240K), 5 survivors (10240K)
 Metaspace       used 62913K, committed 63168K, reserved 1114112K
  class space    used 7406K, committed 7488K, reserved 1048576K
}

